0 info it worked if it ends with ok
1 verbose cli [ '/Users/chris.smeal/.nvm/versions/node/v6.11.1/bin/node',
1 verbose cli   '/Users/chris.smeal/.nvm/versions/node/v6.11.1/bin/npm',
1 verbose cli   'start' ]
2 info using npm@3.10.10
3 info using node@v6.11.1
4 verbose run-script [ 'prestart', 'start', 'poststart' ]
5 info lifecycle accord-webserver@0.0.1~prestart: accord-webserver@0.0.1
6 silly lifecycle accord-webserver@0.0.1~prestart: no script for prestart, continuing
7 info lifecycle accord-webserver@0.0.1~start: accord-webserver@0.0.1
8 verbose lifecycle accord-webserver@0.0.1~start: unsafe-perm in lifecycle true
9 verbose lifecycle accord-webserver@0.0.1~start: PATH: /Users/chris.smeal/.nvm/versions/node/v6.11.1/lib/node_modules/npm/bin/node-gyp-bin:/Users/chris.smeal/other/accord/socket/node_modules/.bin:/Library/Frameworks/Python.framework/Versions/2.7/bin:/Users/chris.smeal/.nvm/versions/node/v6.11.1/bin:/usr/local/bin:/usr/bin:/bin:/usr/sbin:/sbin:/Library/Frameworks/Python.framework/Versions/2.7/bin
10 verbose lifecycle accord-webserver@0.0.1~start: CWD: /Users/chris.smeal/other/accord/socket
11 silly lifecycle accord-webserver@0.0.1~start: Args: [ '-c', 'node dist/index.js' ]
12 silly lifecycle accord-webserver@0.0.1~start: Returned: code: 1  signal: null
13 info lifecycle accord-webserver@0.0.1~start: Failed to exec start script
14 verbose stack Error: accord-webserver@0.0.1 start: `node dist/index.js`
14 verbose stack Exit status 1
14 verbose stack     at EventEmitter.<anonymous> (/Users/chris.smeal/.nvm/versions/node/v6.11.1/lib/node_modules/npm/lib/utils/lifecycle.js:255:16)
14 verbose stack     at emitTwo (events.js:106:13)
14 verbose stack     at EventEmitter.emit (events.js:191:7)
14 verbose stack     at ChildProcess.<anonymous> (/Users/chris.smeal/.nvm/versions/node/v6.11.1/lib/node_modules/npm/lib/utils/spawn.js:40:14)
14 verbose stack     at emitTwo (events.js:106:13)
14 verbose stack     at ChildProcess.emit (events.js:191:7)
14 verbose stack     at maybeClose (internal/child_process.js:891:16)
14 verbose stack     at Process.ChildProcess._handle.onexit (internal/child_process.js:226:5)
15 verbose pkgid accord-webserver@0.0.1
16 verbose cwd /Users/chris.smeal/other/accord/socket
17 error Darwin 16.7.0
18 error argv "/Users/chris.smeal/.nvm/versions/node/v6.11.1/bin/node" "/Users/chris.smeal/.nvm/versions/node/v6.11.1/bin/npm" "start"
19 error node v6.11.1
20 error npm  v3.10.10
21 error code ELIFECYCLE
22 error accord-webserver@0.0.1 start: `node dist/index.js`
22 error Exit status 1
23 error Failed at the accord-webserver@0.0.1 start script 'node dist/index.js'.
23 error Make sure you have the latest version of node.js and npm installed.
23 error If you do, this is most likely a problem with the accord-webserver package,
23 error not with npm itself.
23 error Tell the author that this fails on your system:
23 error     node dist/index.js
23 error You can get information on how to open an issue for this project with:
23 error     npm bugs accord-webserver
23 error Or if that isn't available, you can get their info via:
23 error     npm owner ls accord-webserver
23 error There is likely additional logging output above.
24 verbose exit [ 1, true ]
